[    3406ms] [VERBOSE] [DOM] Input elements should have autocomplete attributes (suggested: "current-password"): (More info: https://goo.gl/9p2vKq) %o @ http://localhost:3000/auth/login:0
[    3454ms] [INFO] %cDownload the React DevTools for a better development experience: https://react.dev/link/react-devtools font-weight:bold @ http://localhost:3000/_next/static/chunks/1x9z_next_dist_13fd6b0._.js:2477
[    3541ms] [LOG] [HMR] connected @ http://localhost:3000/_next/static/chunks/1x9z_next_dist_13fd6b0._.js:2477
[    3682ms] [LOG] [Fast Refresh] rebuilding @ http://localhost:3000/_next/static/chunks/1x9z_next_dist_13fd6b0._.js:2477
[    3726ms] [LOG] [Fast Refresh] done in 150ms @ http://localhost:3000/_next/static/chunks/1x9z_next_dist_13fd6b0._.js:2477
[  140390ms] [LOG] [Fast Refresh] rebuilding @ http://localhost:3000/_next/static/chunks/1x9z_next_dist_13fd6b0._.js:2477
[  140891ms] [LOG] [Fast Refresh] done in 602ms @ http://localhost:3000/_next/static/chunks/1x9z_next_dist_13fd6b0._.js:2477
[  141899ms] [LOG] [Fast Refresh] rebuilding @ http://localhost:3000/_next/static/chunks/1x9z_next_dist_13fd6b0._.js:2477
[  142044ms] [LOG] [Fast Refresh] done in 245ms @ http://localhost:3000/_next/static/chunks/1x9z_next_dist_13fd6b0._.js:2477
[  142264ms] [LOG] [Fast Refresh] rebuilding @ http://localhost:3000/_next/static/chunks/1x9z_next_dist_13fd6b0._.js:2477
[  142901ms] [LOG] [Fast Refresh] done in 738ms @ http://localhost:3000/_next/static/chunks/1x9z_next_dist_13fd6b0._.js:2477
[  143013ms] [INFO] %cDownload the React DevTools for a better development experience: https://react.dev/link/react-devtools font-weight:bold @ http://localhost:3000/_next/static/chunks/1x9z_next_dist_13fd6b0._.js:2477
[  143036ms] [LOG] [HMR] connected @ http://localhost:3000/_next/static/chunks/1x9z_next_dist_13fd6b0._.js:2477
[  143190ms] [LOG] [Fast Refresh] rebuilding @ http://localhost:3000/_next/static/chunks/1x9z_next_dist_13fd6b0._.js:2477
[  143602ms] [LOG] [Fast Refresh] done in 513ms @ http://localhost:3000/_next/static/chunks/1x9z_next_dist_13fd6b0._.js:2477
[  147106ms] [LOG] [Fast Refresh] rebuilding @ http://localhost:3000/_next/static/chunks/1x9z_next_dist_13fd6b0._.js:2477
[  147267ms] [LOG] [Fast Refresh] done in 262ms @ http://localhost:3000/_next/static/chunks/1x9z_next_dist_13fd6b0._.js:2477
[  152368ms] [LOG] [Fast Refresh] rebuilding @ http://localhost:3000/_next/static/chunks/1x9z_next_dist_13fd6b0._.js:2477
[  152369ms] [LOG] [Fast Refresh] done in 102ms @ http://localhost:3000/_next/static/chunks/1x9z_next_dist_13fd6b0._.js:2477
[  155436ms] [LOG] [Fast Refresh] rebuilding @ http://localhost:3000/_next/static/chunks/1x9z_next_dist_13fd6b0._.js:2477
[  155631ms] [LOG] [Fast Refresh] done in 297ms @ http://localhost:3000/_next/static/chunks/1x9z_next_dist_13fd6b0._.js:2477
[  155732ms] [LOG] [Fast Refresh] rebuilding @ http://localhost:3000/_next/static/chunks/1x9z_next_dist_13fd6b0._.js:2477
[  155801ms] [LOG] [Fast Refresh] done in 169ms @ http://localhost:3000/_next/static/chunks/1x9z_next_dist_13fd6b0._.js:2477
[  227490ms] [LOG] [Fast Refresh] rebuilding @ http://localhost:3000/_next/static/chunks/1x9z_next_dist_13fd6b0._.js:2477
[  227730ms] [LOG] [Fast Refresh] done in 341ms @ http://localhost:3000/_next/static/chunks/1x9z_next_dist_13fd6b0._.js:2477
[  232060ms] [LOG] [Fast Refresh] rebuilding @ http://localhost:3000/_next/static/chunks/1x9z_next_dist_13fd6b0._.js:2477
[  232190ms] [LOG] [Fast Refresh] done in 230ms @ http://localhost:3000/_next/static/chunks/1x9z_next_dist_13fd6b0._.js:2477
[  253805ms] [LOG] [Fast Refresh] rebuilding @ http://localhost:3000/_next/static/chunks/1x9z_next_dist_13fd6b0._.js:2477
[  253828ms] [LOG] [Fast Refresh] done in 124ms @ http://localhost:3000/_next/static/chunks/1x9z_next_dist_13fd6b0._.js:2477
[  297225ms] [LOG] [Fast Refresh] rebuilding @ http://localhost:3000/_next/static/chunks/1x9z_next_dist_13fd6b0._.js:2477
[  297439ms] [LOG] [Fast Refresh] done in 315ms @ http://localhost:3000/_next/static/chunks/1x9z_next_dist_13fd6b0._.js:2477
[  397043ms] [LOG] [Fast Refresh] rebuilding @ http://localhost:3000/_next/static/chunks/1x9z_next_dist_13fd6b0._.js:2477
[  397294ms] [LOG] [Fast Refresh] done in 352ms @ http://localhost:3000/_next/static/chunks/1x9z_next_dist_13fd6b0._.js:2477
[  397433ms] [LOG] [Fast Refresh] rebuilding @ http://localhost:3000/_next/static/chunks/1x9z_next_dist_13fd6b0._.js:2477
[  397506ms] [LOG] [Fast Refresh] done in 175ms @ http://localhost:3000/_next/static/chunks/1x9z_next_dist_13fd6b0._.js:2477
[  494196ms] [LOG] [Fast Refresh] rebuilding @ http://localhost:3000/_next/static/chunks/1x9z_next_dist_13fd6b0._.js:2477
[  494733ms] [LOG] [Fast Refresh] done in 637ms @ http://localhost:3000/_next/static/chunks/1x9z_next_dist_13fd6b0._.js:2477
[  494980ms] [LOG] [Fast Refresh] rebuilding @ http://localhost:3000/_next/static/chunks/1x9z_next_dist_13fd6b0._.js:2477
[  495027ms] [LOG] [Fast Refresh] done in 148ms @ http://localhost:3000/_next/static/chunks/1x9z_next_dist_13fd6b0._.js:2477
[  495096ms] [WARNING] Image with src "http://localhost:3000/logo.svg" has either width or height modified, but not the other. If you use CSS to change the size of your image, also include the styles 'width: "auto"' or 'height: "auto"' to maintain the aspect ratio. @ http://localhost:3000/_next/static/chunks/1x9z_next_dist_13fd6b0._.js:2477
[  495279ms] [INFO] %cDownload the React DevTools for a better development experience: https://react.dev/link/react-devtools font-weight:bold @ http://localhost:3000/_next/static/chunks/1x9z_next_dist_13fd6b0._.js:2477
[  495296ms] [LOG] [HMR] connected @ http://localhost:3000/_next/static/chunks/1x9z_next_dist_13fd6b0._.js:2477
[  495322ms] [WARNING] Image with src "http://localhost:3000/logo.svg" has either width or height modified, but not the other. If you use CSS to change the size of your image, also include the styles 'width: "auto"' or 'height: "auto"' to maintain the aspect ratio. @ http://localhost:3000/_next/static/chunks/1x9z_next_dist_13fd6b0._.js:2477
[  495406ms] [LOG] [Fast Refresh] rebuilding @ http://localhost:3000/_next/static/chunks/1x9z_next_dist_13fd6b0._.js:2477
[  495457ms] [LOG] [Fast Refresh] done in 151ms @ http://localhost:3000/_next/static/chunks/1x9z_next_dist_13fd6b0._.js:2477
[  498553ms] [WARNING] The resource http://localhost:3000/_next/static/media/797e433ab948586e-s.p.0r6juujl39pe6.woff2 was preloaded using link preload but not used within a few seconds from the window's load event. Please make sure it has an appropriate `as` value and it is preloaded intentionally. @ http://localhost:3000/:0
[  498553ms] [WARNING] The resource http://localhost:3000/_next/static/media/caa3a2e1cccd8315-s.p.0wgildi0cnwt9.woff2 was preloaded using link preload but not used within a few seconds from the window's load event. Please make sure it has an appropriate `as` value and it is preloaded intentionally. @ http://localhost:3000/:0
[  526267ms] [LOG] [Fast Refresh] rebuilding @ http://localhost:3000/_next/static/chunks/1x9z_next_dist_13fd6b0._.js:2477
[  526320ms] [LOG] [Fast Refresh] done in 77ms @ http://localhost:3000/_next/static/chunks/1x9z_next_dist_13fd6b0._.js:2477
[  526437ms] [LOG] [Fast Refresh] rebuilding @ http://localhost:3000/_next/static/chunks/1x9z_next_dist_13fd6b0._.js:2477
[  526505ms] [LOG] [Fast Refresh] done in 168ms @ http://localhost:3000/_next/static/chunks/1x9z_next_dist_13fd6b0._.js:2477
[  594405ms] [LOG] [Fast Refresh] rebuilding @ http://localhost:3000/_next/static/chunks/1x9z_next_dist_13fd6b0._.js:2477
[  594461ms] [LOG] [Fast Refresh] done in 130ms @ http://localhost:3000/_next/static/chunks/1x9z_next_dist_13fd6b0._.js:2477
[  628822ms] [LOG] [HMR] connected @ http://localhost:3000/_next/static/chunks/1x9z_next_dist_13fd6b0._.js:2477
[  643084ms] [WARNING] Detected `scroll-behavior: smooth` on the `<html>` element. To disable smooth scrolling during route transitions, add `data-scroll-behavior="smooth"` to your <html> element. Learn more: https://nextjs.org/docs/messages/missing-data-scroll-behavior @ http://localhost:3000/_next/static/chunks/1x9z_next_dist_13fd6b0._.js:2477
[  643168ms] [LOG] [Fast Refresh] rebuilding @ http://localhost:3000/_next/static/chunks/1x9z_next_dist_13fd6b0._.js:2477
[  643198ms] [LOG] [Fast Refresh] done in 131ms @ http://localhost:3000/_next/static/chunks/1x9z_next_dist_13fd6b0._.js:2477
[  869302ms] [LOG] [HMR] connected @ http://localhost:3000/_next/static/chunks/1x9z_next_dist_13fd6b0._.js:2477
[  972938ms] [LOG] [Fast Refresh] rebuilding @ http://localhost:3000/_next/static/chunks/1x9z_next_dist_13fd6b0._.js:2477
[  972952ms] [LOG] [Fast Refresh] done in 115ms @ http://localhost:3000/_next/static/chunks/1x9z_next_dist_13fd6b0._.js:2477
[ 1027440ms] [LOG] [Fast Refresh] rebuilding @ http://localhost:3000/_next/static/chunks/1x9z_next_dist_13fd6b0._.js:2477
[ 1027921ms] [LOG] [Fast Refresh] done in 581ms @ http://localhost:3000/_next/static/chunks/1x9z_next_dist_13fd6b0._.js:2477
[ 1028192ms] [LOG] [Fast Refresh] rebuilding @ http://localhost:3000/_next/static/chunks/1x9z_next_dist_13fd6b0._.js:2477
[ 1028395ms] [LOG] [Fast Refresh] done in 304ms @ http://localhost:3000/_next/static/chunks/1x9z_next_dist_13fd6b0._.js:2477
[ 1032349ms] [LOG] [Fast Refresh] rebuilding @ http://localhost:3000/_next/static/chunks/1x9z_next_dist_13fd6b0._.js:2477
[ 1032363ms] [LOG] [Fast Refresh] done in 113ms @ http://localhost:3000/_next/static/chunks/1x9z_next_dist_13fd6b0._.js:2477
[ 1070909ms] [LOG] [Fast Refresh] rebuilding @ http://localhost:3000/_next/static/chunks/1x9z_next_dist_13fd6b0._.js:2477
[ 1070978ms] [LOG] [Fast Refresh] done in 151ms @ http://localhost:3000/_next/static/chunks/1x9z_next_dist_13fd6b0._.js:2477
[ 1084124ms] [LOG] [Fast Refresh] rebuilding @ http://localhost:3000/_next/static/chunks/1x9z_next_dist_13fd6b0._.js:2477
[ 1084160ms] [LOG] [Fast Refresh] done in 121ms @ http://localhost:3000/_next/static/chunks/1x9z_next_dist_13fd6b0._.js:2477
[ 1291443ms] [LOG] [Fast Refresh] rebuilding @ http://localhost:3000/_next/static/chunks/1x9z_next_dist_13fd6b0._.js:2477
[ 1291460ms] [LOG] [Fast Refresh] done in 97ms @ http://localhost:3000/_next/static/chunks/1x9z_next_dist_13fd6b0._.js:2477
