[     222ms] [INFO] %cDownload the React DevTools for a better development experience: https://react.dev/link/react-devtools font-weight:bold @ http://localhost:3000/_next/static/chunks/1x9z_next_dist_13fd6b0._.js:2477
[     236ms] [LOG] [HMR] connected @ http://localhost:3000/_next/static/chunks/1x9z_next_dist_13fd6b0._.js:2477
[     257ms] [WARNING] Image with src "http://localhost:3000/logo.svg" has either width or height modified, but not the other. If you use CSS to change the size of your image, also include the styles 'width: "auto"' or 'height: "auto"' to maintain the aspect ratio. @ http://localhost:3000/_next/static/chunks/1x9z_next_dist_13fd6b0._.js:2477
[  167298ms] [LOG] [HMR] connected @ http://localhost:3000/_next/static/chunks/1x9z_next_dist_13fd6b0._.js:2477
[  183549ms] [INFO] %cDownload the React DevTools for a better development experience: https://react.dev/link/react-devtools font-weight:bold @ http://localhost:3000/_next/static/chunks/1x9z_next_dist_13fd6b0._.js:2477
[  183593ms] [LOG] [HMR] connected @ http://localhost:3000/_next/static/chunks/1x9z_next_dist_13fd6b0._.js:2477
[  183631ms] [WARNING] Image with src "http://localhost:3000/logo.svg" has either width or height modified, but not the other. If you use CSS to change the size of your image, also include the styles 'width: "auto"' or 'height: "auto"' to maintain the aspect ratio. @ http://localhost:3000/_next/static/chunks/1x9z_next_dist_13fd6b0._.js:2477
[  185543ms] [INFO] %cDownload the React DevTools for a better development experience: https://react.dev/link/react-devtools font-weight:bold @ http://localhost:3000/_next/static/chunks/1x9z_next_dist_13fd6b0._.js:2477
[  185555ms] [LOG] [HMR] connected @ http://localhost:3000/_next/static/chunks/1x9z_next_dist_13fd6b0._.js:2477
[  185567ms] [WARNING] Image with src "http://localhost:3000/logo.svg" has either width or height modified, but not the other. If you use CSS to change the size of your image, also include the styles 'width: "auto"' or 'height: "auto"' to maintain the aspect ratio. @ http://localhost:3000/_next/static/chunks/1x9z_next_dist_13fd6b0._.js:2477
[  185980ms] [INFO] %cDownload the React DevTools for a better development experience: https://react.dev/link/react-devtools font-weight:bold @ http://localhost:3000/_next/static/chunks/1x9z_next_dist_13fd6b0._.js:2477
[  185993ms] [LOG] [HMR] connected @ http://localhost:3000/_next/static/chunks/1x9z_next_dist_13fd6b0._.js:2477
[  186010ms] [WARNING] Image with src "http://localhost:3000/logo.svg" has either width or height modified, but not the other. If you use CSS to change the size of your image, also include the styles 'width: "auto"' or 'height: "auto"' to maintain the aspect ratio. @ http://localhost:3000/_next/static/chunks/1x9z_next_dist_13fd6b0._.js:2477
[  186193ms] [INFO] %cDownload the React DevTools for a better development experience: https://react.dev/link/react-devtools font-weight:bold @ http://localhost:3000/_next/static/chunks/1x9z_next_dist_13fd6b0._.js:2477
[  186208ms] [LOG] [HMR] connected @ http://localhost:3000/_next/static/chunks/1x9z_next_dist_13fd6b0._.js:2477
[  186221ms] [WARNING] Image with src "http://localhost:3000/logo.svg" has either width or height modified, but not the other. If you use CSS to change the size of your image, also include the styles 'width: "auto"' or 'height: "auto"' to maintain the aspect ratio. @ http://localhost:3000/_next/static/chunks/1x9z_next_dist_13fd6b0._.js:2477
[  186390ms] [INFO] %cDownload the React DevTools for a better development experience: https://react.dev/link/react-devtools font-weight:bold @ http://localhost:3000/_next/static/chunks/1x9z_next_dist_13fd6b0._.js:2477
[  186400ms] [LOG] [HMR] connected @ http://localhost:3000/_next/static/chunks/1x9z_next_dist_13fd6b0._.js:2477
[  186416ms] [WARNING] Image with src "http://localhost:3000/logo.svg" has either width or height modified, but not the other. If you use CSS to change the size of your image, also include the styles 'width: "auto"' or 'height: "auto"' to maintain the aspect ratio. @ http://localhost:3000/_next/static/chunks/1x9z_next_dist_13fd6b0._.js:2477
[  186565ms] [INFO] %cDownload the React DevTools for a better development experience: https://react.dev/link/react-devtools font-weight:bold @ http://localhost:3000/_next/static/chunks/1x9z_next_dist_13fd6b0._.js:2477
[  186574ms] [LOG] [HMR] connected @ http://localhost:3000/_next/static/chunks/1x9z_next_dist_13fd6b0._.js:2477
[  186588ms] [WARNING] Image with src "http://localhost:3000/logo.svg" has either width or height modified, but not the other. If you use CSS to change the size of your image, also include the styles 'width: "auto"' or 'height: "auto"' to maintain the aspect ratio. @ http://localhost:3000/_next/static/chunks/1x9z_next_dist_13fd6b0._.js:2477
[  186789ms] [INFO] %cDownload the React DevTools for a better development experience: https://react.dev/link/react-devtools font-weight:bold @ http://localhost:3000/_next/static/chunks/1x9z_next_dist_13fd6b0._.js:2477
[  186798ms] [LOG] [HMR] connected @ http://localhost:3000/_next/static/chunks/1x9z_next_dist_13fd6b0._.js:2477
[  186816ms] [WARNING] Image with src "http://localhost:3000/logo.svg" has either width or height modified, but not the other. If you use CSS to change the size of your image, also include the styles 'width: "auto"' or 'height: "auto"' to maintain the aspect ratio. @ http://localhost:3000/_next/static/chunks/1x9z_next_dist_13fd6b0._.js:2477
[  186971ms] [INFO] %cDownload the React DevTools for a better development experience: https://react.dev/link/react-devtools font-weight:bold @ http://localhost:3000/_next/static/chunks/1x9z_next_dist_13fd6b0._.js:2477
[  186983ms] [LOG] [HMR] connected @ http://localhost:3000/_next/static/chunks/1x9z_next_dist_13fd6b0._.js:2477
[  187002ms] [WARNING] Image with src "http://localhost:3000/logo.svg" has either width or height modified, but not the other. If you use CSS to change the size of your image, also include the styles 'width: "auto"' or 'height: "auto"' to maintain the aspect ratio. @ http://localhost:3000/_next/static/chunks/1x9z_next_dist_13fd6b0._.js:2477
[  202505ms] [WARNING] Detected `scroll-behavior: smooth` on the `<html>` element. To disable smooth scrolling during route transitions, add `data-scroll-behavior="smooth"` to your <html> element. Learn more: https://nextjs.org/docs/messages/missing-data-scroll-behavior @ http://localhost:3000/_next/static/chunks/1x9z_next_dist_13fd6b0._.js:2477
