[     275ms] [LOG] [Fast Refresh] rebuilding @ http://localhost:3000/_next/static/chunks/1x9z_next_dist_13fd6b0._.js:2477
[    1076ms] [LOG] [Fast Refresh] done in 906ms @ http://localhost:3000/_next/static/chunks/1x9z_next_dist_13fd6b0._.js:2477
[    1423ms] [INFO] %cDownload the React DevTools for a better development experience: https://react.dev/link/react-devtools font-weight:bold @ http://localhost:3000/_next/static/chunks/1x9z_next_dist_13fd6b0._.js:2477
[    1471ms] [LOG] [HMR] connected @ http://localhost:3000/_next/static/chunks/1x9z_next_dist_13fd6b0._.js:2477
[    1516ms] [WARNING] Image with src "http://localhost:3000/logo.svg" has either width or height modified, but not the other. If you use CSS to change the size of your image, also include the styles 'width: "auto"' or 'height: "auto"' to maintain the aspect ratio. @ http://localhost:3000/_next/static/chunks/1x9z_next_dist_13fd6b0._.js:2477
[    1597ms] [LOG] [Fast Refresh] rebuilding @ http://localhost:3000/_next/static/chunks/1x9z_next_dist_13fd6b0._.js:2477
[    1621ms] [LOG] [Fast Refresh] done in 125ms @ http://localhost:3000/_next/static/chunks/1x9z_next_dist_13fd6b0._.js:2477
[  108241ms] [LOG] [Fast Refresh] rebuilding @ http://localhost:3000/_next/static/chunks/1x9z_next_dist_13fd6b0._.js:2477
[  108306ms] [LOG] [Fast Refresh] done in 143ms @ http://localhost:3000/_next/static/chunks/1x9z_next_dist_13fd6b0._.js:2477
[  557269ms] [LOG] [Fast Refresh] rebuilding @ http://localhost:3000/_next/static/chunks/1x9z_next_dist_13fd6b0._.js:2477
[  557334ms] [LOG] [Fast Refresh] done in 172ms @ http://localhost:3000/_next/static/chunks/1x9z_next_dist_13fd6b0._.js:2477
[  642530ms] [LOG] [Fast Refresh] rebuilding @ http://localhost:3000/_next/static/chunks/1x9z_next_dist_13fd6b0._.js:2477
[  642694ms] [LOG] [Fast Refresh] done in 176ms @ http://localhost:3000/_next/static/chunks/1x9z_next_dist_13fd6b0._.js:2477
[  822503ms] [LOG] [Fast Refresh] rebuilding @ http://localhost:3000/_next/static/chunks/1x9z_next_dist_13fd6b0._.js:2477
[  822589ms] [LOG] [Fast Refresh] done in 93ms @ http://localhost:3000/_next/static/chunks/1x9z_next_dist_13fd6b0._.js:2477
[  940881ms] [LOG] [Fast Refresh] rebuilding @ http://localhost:3000/_next/static/chunks/1x9z_next_dist_13fd6b0._.js:2477
[  940921ms] [LOG] [Fast Refresh] done in 69ms @ http://localhost:3000/_next/static/chunks/1x9z_next_dist_13fd6b0._.js:2477
[ 1022314ms] [LOG] [Fast Refresh] rebuilding @ http://localhost:3000/_next/static/chunks/1x9z_next_dist_13fd6b0._.js:2477
[ 1022344ms] [LOG] [Fast Refresh] done in 61ms @ http://localhost:3000/_next/static/chunks/1x9z_next_dist_13fd6b0._.js:2477
[ 1141348ms] [LOG] [Fast Refresh] rebuilding @ http://localhost:3000/_next/static/chunks/1x9z_next_dist_13fd6b0._.js:2477
[ 1141386ms] [LOG] [Fast Refresh] done in 70ms @ http://localhost:3000/_next/static/chunks/1x9z_next_dist_13fd6b0._.js:2477
[ 2475666ms] [LOG] [Fast Refresh] rebuilding @ http://localhost:3000/_next/static/chunks/1x9z_next_dist_13fd6b0._.js:2477
[ 2475783ms] [LOG] [Fast Refresh] done in 220ms @ http://localhost:3000/_next/static/chunks/1x9z_next_dist_13fd6b0._.js:2477
[ 2475855ms] [WARNING] Detected `scroll-behavior: smooth` on the `<html>` element. To disable smooth scrolling during route transitions, add `data-scroll-behavior="smooth"` to your <html> element. Learn more: https://nextjs.org/docs/messages/missing-data-scroll-behavior @ http://localhost:3000/_next/static/chunks/1x9z_next_dist_13fd6b0._.js:2477
[ 2475994ms] [LOG] [Fast Refresh] rebuilding @ http://localhost:3000/_next/static/chunks/1x9z_next_dist_13fd6b0._.js:2477
[ 2476057ms] [LOG] [Fast Refresh] done in 163ms @ http://localhost:3000/_next/static/chunks/1x9z_next_dist_13fd6b0._.js:2477
[ 2492796ms] [INFO] %cDownload the React DevTools for a better development experience: https://react.dev/link/react-devtools font-weight:bold @ http://localhost:3000/_next/static/chunks/1x9z_next_dist_13fd6b0._.js:2477
[ 2492828ms] [LOG] [HMR] connected @ http://localhost:3000/_next/static/chunks/1x9z_next_dist_13fd6b0._.js:2477
[ 2492854ms] [WARNING] Image with src "http://localhost:3000/logo.svg" has either width or height modified, but not the other. If you use CSS to change the size of your image, also include the styles 'width: "auto"' or 'height: "auto"' to maintain the aspect ratio. @ http://localhost:3000/_next/static/chunks/1x9z_next_dist_13fd6b0._.js:2477
[ 2497895ms] [WARNING] Detected `scroll-behavior: smooth` on the `<html>` element. To disable smooth scrolling during route transitions, add `data-scroll-behavior="smooth"` to your <html> element. Learn more: https://nextjs.org/docs/messages/missing-data-scroll-behavior @ http://localhost:3000/_next/static/chunks/1x9z_next_dist_13fd6b0._.js:2477
[ 2504357ms] [WARNING] Form submission canceled because the form is not connected @ http://localhost:3000/tables:0
[ 2571733ms] [LOG] [Fast Refresh] rebuilding @ http://localhost:3000/_next/static/chunks/1x9z_next_dist_13fd6b0._.js:2477
[ 2571857ms] [LOG] [Fast Refresh] done in 194ms @ http://localhost:3000/_next/static/chunks/1x9z_next_dist_13fd6b0._.js:2477
[ 2573178ms] [LOG] [Fast Refresh] rebuilding @ http://localhost:3000/_next/static/chunks/1x9z_next_dist_13fd6b0._.js:2477
[ 2573383ms] [LOG] [Fast Refresh] done in 306ms @ http://localhost:3000/_next/static/chunks/1x9z_next_dist_13fd6b0._.js:2477
[ 2652590ms] [LOG] [Fast Refresh] rebuilding @ http://localhost:3000/_next/static/chunks/1x9z_next_dist_13fd6b0._.js:2477
[ 2652644ms] [LOG] [Fast Refresh] done in 113ms @ http://localhost:3000/_next/static/chunks/1x9z_next_dist_13fd6b0._.js:2477
[ 2705884ms] [LOG] [Fast Refresh] rebuilding @ http://localhost:3000/_next/static/chunks/1x9z_next_dist_13fd6b0._.js:2477
[ 2705945ms] [LOG] [Fast Refresh] done in 135ms @ http://localhost:3000/_next/static/chunks/1x9z_next_dist_13fd6b0._.js:2477
[ 3264239ms] [LOG] [Fast Refresh] rebuilding @ http://localhost:3000/_next/static/chunks/1x9z_next_dist_13fd6b0._.js:2477
[ 3264431ms] [LOG] [Fast Refresh] done in 187ms @ http://localhost:3000/_next/static/chunks/1x9z_next_dist_13fd6b0._.js:2477
[ 3285804ms] [LOG] [Fast Refresh] rebuilding @ http://localhost:3000/_next/static/chunks/1x9z_next_dist_13fd6b0._.js:2477
[ 3285830ms] [LOG] [Fast Refresh] done in 41ms @ http://localhost:3000/_next/static/chunks/1x9z_next_dist_13fd6b0._.js:2477
[ 3320440ms] [LOG] [Fast Refresh] rebuilding @ http://localhost:3000/_next/static/chunks/1x9z_next_dist_13fd6b0._.js:2477
[ 3320594ms] [LOG] [Fast Refresh] done in 140ms @ http://localhost:3000/_next/static/chunks/1x9z_next_dist_13fd6b0._.js:2477
[ 3411467ms] [LOG] [Fast Refresh] rebuilding @ http://localhost:3000/_next/static/chunks/1x9z_next_dist_13fd6b0._.js:2477
[ 3411509ms] [LOG] [Fast Refresh] done in 122ms @ http://localhost:3000/_next/static/chunks/1x9z_next_dist_13fd6b0._.js:2477
[ 3443619ms] [LOG] [Fast Refresh] rebuilding @ http://localhost:3000/_next/static/chunks/1x9z_next_dist_13fd6b0._.js:2477
[ 3443631ms] [LOG] [Fast Refresh] done in 102ms @ http://localhost:3000/_next/static/chunks/1x9z_next_dist_13fd6b0._.js:2477
[ 3534257ms] [LOG] [Fast Refresh] rebuilding @ http://localhost:3000/_next/static/chunks/1x9z_next_dist_13fd6b0._.js:2477
[ 3534259ms] [LOG] [Fast Refresh] done in 103ms @ http://localhost:3000/_next/static/chunks/1x9z_next_dist_13fd6b0._.js:2477
[ 3534422ms] [LOG] [Fast Refresh] rebuilding @ http://localhost:3000/_next/static/chunks/1x9z_next_dist_13fd6b0._.js:2477
[ 3534436ms] [LOG] [Fast Refresh] done in 115ms @ http://localhost:3000/_next/static/chunks/1x9z_next_dist_13fd6b0._.js:2477
[ 3587339ms] [LOG] [Fast Refresh] rebuilding @ http://localhost:3000/_next/static/chunks/1x9z_next_dist_13fd6b0._.js:2477
[ 3587356ms] [LOG] [Fast Refresh] done in 60ms @ http://localhost:3000/_next/static/chunks/1x9z_next_dist_13fd6b0._.js:2477
[ 3620250ms] [LOG] [Fast Refresh] rebuilding @ http://localhost:3000/_next/static/chunks/1x9z_next_dist_13fd6b0._.js:2477
[ 3620329ms] [ERROR] ./GenZ_Restaurant_POS/genz-restaurant-pos-rebuild/src/app/bills/page.tsx:101:9
'const' declarations must be initialized
   99 |   };
  100 |
> 101 |   const handle initiateUPIPayment = (bill: any) => {
      |         ^^^^^^
  102 |     setSelectedBill(bill);
  103 |     setShowPaymentModal(true);
  104 |     setPaymentConfirmed(false);

Parsing ecmascript source code failed

Import traces:
  Client Component Browser:
    ./GenZ_Restaurant_POS/genz-restaurant-pos-rebuild/src/app/bills/page.tsx [Client Component Browser]
    ./GenZ_Restaurant_POS/genz-restaurant-pos-rebuild/src/app/bills/page.tsx [Server Component]

  Client Component SSR:
    ./GenZ_Restaurant_POS/genz-restaurant-pos-rebuild/src/app/bills/page.tsx [Client Component SSR]
    ./GenZ_Restaurant_POS/genz-restaurant-pos-rebuild/src/app/bills/page.tsx [Server Component] @ http://localhost:3000/_next/static/chunks/1x9z_next_dist_13fd6b0._.js:3318
[ 3620330ms] [ERROR] ./GenZ_Restaurant_POS/genz-restaurant-pos-rebuild/src/app/bills/page.tsx:101:16
Expected a semicolon
   99 |   };
  100 |
> 101 |   const handle initiateUPIPayment = (bill: any) => {
      |                ^^^^^^^^^^^^^^^^^^
  102 |     setSelectedBill(bill);
  103 |     setShowPaymentModal(true);
  104 |     setPaymentConfirmed(false);

Parsing ecmascript source code failed

Import traces:
  Client Component Browser:
    ./GenZ_Restaurant_POS/genz-restaurant-pos-rebuild/src/app/bills/page.tsx [Client Component Browser]
    ./GenZ_Restaurant_POS/genz-restaurant-pos-rebuild/src/app/bills/page.tsx [Server Component]

  Client Component SSR:
    ./GenZ_Restaurant_POS/genz-restaurant-pos-rebuild/src/app/bills/page.tsx [Client Component SSR]
    ./GenZ_Restaurant_POS/genz-restaurant-pos-rebuild/src/app/bills/page.tsx [Server Component] @ http://localhost:3000/_next/static/chunks/1x9z_next_dist_13fd6b0._.js:3318
[ 3620476ms] [ERROR] ./GenZ_Restaurant_POS/genz-restaurant-pos-rebuild/src/app/bills/page.tsx:101:9
'const' declarations must be initialized
   99 |   };
  100 |
> 101 |   const handle initiateUPIPayment = (bill: any) => {
      |         ^^^^^^
  102 |     setSelectedBill(bill);
  103 |     setShowPaymentModal(true);
  104 |     setPaymentConfirmed(false);

Parsing ecmascript source code failed

Import traces:
  Client Component Browser:
    ./GenZ_Restaurant_POS/genz-restaurant-pos-rebuild/src/app/bills/page.tsx [Client Component Browser]
    ./GenZ_Restaurant_POS/genz-restaurant-pos-rebuild/src/app/bills/page.tsx [Server Component]

  Client Component SSR:
    ./GenZ_Restaurant_POS/genz-restaurant-pos-rebuild/src/app/bills/page.tsx [Client Component SSR]
    ./GenZ_Restaurant_POS/genz-restaurant-pos-rebuild/src/app/bills/page.tsx [Server Component] @ http://localhost:3000/_next/static/chunks/1x9z_next_dist_13fd6b0._.js:3318
[ 3620476ms] [ERROR] ./GenZ_Restaurant_POS/genz-restaurant-pos-rebuild/src/app/bills/page.tsx:101:16
Expected a semicolon
   99 |   };
  100 |
> 101 |   const handle initiateUPIPayment = (bill: any) => {
      |                ^^^^^^^^^^^^^^^^^^
  102 |     setSelectedBill(bill);
  103 |     setShowPaymentModal(true);
  104 |     setPaymentConfirmed(false);

Parsing ecmascript source code failed

Import traces:
  Client Component Browser:
    ./GenZ_Restaurant_POS/genz-restaurant-pos-rebuild/src/app/bills/page.tsx [Client Component Browser]
    ./GenZ_Restaurant_POS/genz-restaurant-pos-rebuild/src/app/bills/page.tsx [Server Component]

  Client Component SSR:
    ./GenZ_Restaurant_POS/genz-restaurant-pos-rebuild/src/app/bills/page.tsx [Client Component SSR]
    ./GenZ_Restaurant_POS/genz-restaurant-pos-rebuild/src/app/bills/page.tsx [Server Component] @ http://localhost:3000/_next/static/chunks/1x9z_next_dist_13fd6b0._.js:3318
[ 3620504ms] [LOG] [Fast Refresh] rebuilding @ http://localhost:3000/_next/static/chunks/1x9z_next_dist_13fd6b0._.js:2477
[ 3650095ms] [LOG] [Fast Refresh] rebuilding @ http://localhost:3000/_next/static/chunks/1x9z_next_dist_13fd6b0._.js:2477
[ 3650148ms] [LOG] [Fast Refresh] done in 148ms @ http://localhost:3000/_next/static/chunks/1x9z_next_dist_13fd6b0._.js:2477
[ 3720146ms] [LOG] [Fast Refresh] rebuilding @ http://localhost:3000/_next/static/chunks/1x9z_next_dist_13fd6b0._.js:2477
[ 3720261ms] [LOG] [Fast Refresh] done in 153ms @ http://localhost:3000/_next/static/chunks/1x9z_next_dist_13fd6b0._.js:2477
[ 3720368ms] [LOG] [Fast Refresh] rebuilding @ http://localhost:3000/_next/static/chunks/1x9z_next_dist_13fd6b0._.js:2477
[ 3720534ms] [LOG] [Fast Refresh] done in 267ms @ http://localhost:3000/_next/static/chunks/1x9z_next_dist_13fd6b0._.js:2477
[ 3798944ms] [LOG] [Fast Refresh] rebuilding @ http://localhost:3000/_next/static/chunks/1x9z_next_dist_13fd6b0._.js:2477
[ 3799006ms] [LOG] [Fast Refresh] done in 143ms @ http://localhost:3000/_next/static/chunks/1x9z_next_dist_13fd6b0._.js:2477
[ 3892458ms] [LOG] [Fast Refresh] rebuilding @ http://localhost:3000/_next/static/chunks/1x9z_next_dist_13fd6b0._.js:2477
[ 3892586ms] [LOG] [Fast Refresh] done in 196ms @ http://localhost:3000/_next/static/chunks/1x9z_next_dist_13fd6b0._.js:2477
[ 4037742ms] [LOG] [Fast Refresh] rebuilding @ http://localhost:3000/_next/static/chunks/1x9z_next_dist_13fd6b0._.js:2477
[ 4037836ms] [LOG] [Fast Refresh] done in 135ms @ http://localhost:3000/_next/static/chunks/1x9z_next_dist_13fd6b0._.js:2477
[ 4037956ms] [LOG] [Fast Refresh] rebuilding @ http://localhost:3000/_next/static/chunks/1x9z_next_dist_13fd6b0._.js:2477
[ 4038081ms] [LOG] [Fast Refresh] done in 227ms @ http://localhost:3000/_next/static/chunks/1x9z_next_dist_13fd6b0._.js:2477
[ 4106823ms] [LOG] [Fast Refresh] rebuilding @ http://localhost:3000/_next/static/chunks/1x9z_next_dist_13fd6b0._.js:2477
[ 4106837ms] [LOG] [Fast Refresh] done in 116ms @ http://localhost:3000/_next/static/chunks/1x9z_next_dist_13fd6b0._.js:2477
[ 4460764ms] [LOG] [Fast Refresh] rebuilding @ http://localhost:3000/_next/static/chunks/1x9z_next_dist_13fd6b0._.js:2477
[ 4460848ms] [LOG] [Fast Refresh] done in 187ms @ http://localhost:3000/_next/static/chunks/1x9z_next_dist_13fd6b0._.js:2477
[ 4460989ms] [LOG] [Fast Refresh] rebuilding @ http://localhost:3000/_next/static/chunks/1x9z_next_dist_13fd6b0._.js:2477
[ 4461006ms] [LOG] [Fast Refresh] done in 119ms @ http://localhost:3000/_next/static/chunks/1x9z_next_dist_13fd6b0._.js:2477
[ 4503118ms] [LOG] [Fast Refresh] rebuilding @ http://localhost:3000/_next/static/chunks/1x9z_next_dist_13fd6b0._.js:2477
[ 4504303ms] [LOG] [Fast Refresh] done in 1287ms @ http://localhost:3000/_next/static/chunks/1x9z_next_dist_13fd6b0._.js:2477
[ 4504452ms] [ERROR] Failed to load resource: the server responded with a status of 404 (Not Found) @ http://localhost:3000/receipt-pattern.png:0
